<?xml version="1.0" encoding="UTF-8"?>
<!-- Generated by org.testng.reporters.JUnitReportReporter -->
<testsuite hostname="BLR1-LTBPKSX52" name="Basic.Parallel_Testing" tests="2" failures="0" timestamp="8 May 2019 15:32:43 GMT" time="84.116" errors="0">
  <testcase name="w3Schools" time="45.183" classname="Basic.Parallel_Testing"/>
  <testcase name="selenium" time="38.933" classname="Basic.Parallel_Testing"/>
</testsuite> <!-- Basic.Parallel_Testing -->
