<?xml version="1.0" encoding="UTF-8"?>
<!-- Generated by org.testng.reporters.JUnitReportReporter -->
<testsuite hostname="BLR1-LTBPKSX52" name="Basic.ArithmeticOperation" tests="1" failures="0" timestamp="9 May 2019 08:57:13 GMT" time="0.015" errors="0">
  <testcase name="multiply" time="0.015" classname="Basic.ArithmeticOperation"/>
</testsuite> <!-- Basic.ArithmeticOperation -->
