<?xml version="1.0" encoding="UTF-8"?>
<!-- Generated by org.testng.reporters.JUnitReportReporter -->
<testsuite hostname="BLR1-LTBPKSX52" name="Login_Parameter_xml.Correct_Password" tests="1" failures="0" timestamp="29 Sep 2020 06:08:17 GMT" time="25.337" errors="0">
  <testcase name="login_Correct_Password" time="25.337" classname="Login_Parameter_xml.Correct_Password"/>
</testsuite> <!-- Login_Parameter_xml.Correct_Password -->
