<?xml version="1.0" encoding="UTF-8"?>
<!-- Generated by org.testng.reporters.JUnitReportReporter -->
<testsuite hostname="BLR1-LTBPKSX52" name="Basic.Annotation_Hierarchy_Example" tests="3" failures="0" timestamp="2 Aug 2019 20:06:04 GMT" time="0.016" errors="0">
  <testcase name="Test" time="0.000" classname="Basic.Annotation_Hierarchy_Example"/>
  <testcase name="Test_1" time="0.016" classname="Basic.Annotation_Hierarchy_Example"/>
  <testcase name="Test_2" time="0.000" classname="Basic.Annotation_Hierarchy_Example"/>
</testsuite> <!-- Basic.Annotation_Hierarchy_Example -->
