<?xml version="1.0" encoding="UTF-8"?>
<!-- Generated by org.testng.reporters.JUnitReportReporter -->
<testsuite hostname="BLR1-LTBPKSX52" name="Login_HomePage.Correct_Username" tests="1" failures="0" timestamp="9 May 2019 11:50:13 GMT" time="26.724" errors="0">
  <testcase name="login_Both_correct" time="26.724" classname="Login_HomePage.Correct_Username"/>
</testsuite> <!-- Login_HomePage.Correct_Username -->
