<?xml version="1.0" encoding="UTF-8"?>
<!-- Generated by org.testng.reporters.JUnitReportReporter -->
<testsuite hostname="BLR1-LTBPKSX52" name="Login_HomePage.Both_Incorrect" tests="1" failures="0" timestamp="9 May 2019 11:50:13 GMT" time="25.026" errors="0">
  <testcase name="login_Both_correct" time="25.026" classname="Login_HomePage.Both_Incorrect"/>
</testsuite> <!-- Login_HomePage.Both_Incorrect -->
