<?xml version="1.0" encoding="UTF-8"?>
<!-- Generated by org.testng.reporters.JUnitReportReporter -->
<testsuite hostname="BLR1-LTBPKSX52" name="Basic.Group_Examples" tests="6" failures="0" timestamp="18 Aug 2020 06:38:17 GMT" time="0.016" errors="0">
  <testcase name="bullet" time="0.016" classname="Basic.Group_Examples"/>
  <testcase name="verna" time="0.000" classname="Basic.Group_Examples"/>
  <testcase name="kTM" time="0.000" classname="Basic.Group_Examples"/>
  <testcase name="polo" time="0.000" classname="Basic.Group_Examples"/>
  <testcase name="scania" time="0.000" classname="Basic.Group_Examples"/>
  <testcase name="volvo" time="0.000" classname="Basic.Group_Examples"/>
</testsuite> <!-- Basic.Group_Examples -->
