<?xml version="1.0" encoding="UTF-8"?>
<!-- Generated by org.testng.reporters.JUnitReportReporter -->
<testsuite hostname="BLR1-LTBPKSX52" name="Login_Parameter_xml.Both_correct" tests="1" failures="0" timestamp="29 Sep 2020 06:08:17 GMT" time="19.500" errors="0">
  <testcase name="login_Both_correct" time="19.500" classname="Login_Parameter_xml.Both_correct"/>
</testsuite> <!-- Login_Parameter_xml.Both_correct -->
