<?xml version="1.0" encoding="UTF-8"?>
<!-- Generated by org.testng.reporters.JUnitReportReporter -->
<testsuite hostname="BLR1-LTBPKSX52" name="Basic.Suite_Verification_2" tests="1" failures="0" timestamp="29 Sep 2020 05:59:00 GMT" time="0.004" errors="0">
  <testcase name="f" time="0.004" classname="Basic.Suite_Verification_2"/>
</testsuite> <!-- Basic.Suite_Verification_2 -->
