<?xml version="1.0" encoding="UTF-8"?>
<!-- Generated by org.testng.reporters.JUnitReportReporter -->
<testsuite hostname="BLR1-LTBPKSX52" name="Basic.Method_Dependencies" tests="4" failures="0" timestamp="12 Jun 2019 08:13:50 GMT" time="0.025" errors="0">
  <testcase name="attachFile" time="0.000" classname="Basic.Method_Dependencies"/>
  <testcase name="composeEmail" time="0.000" classname="Basic.Method_Dependencies"/>
  <testcase name="sendEMail" time="0.016" classname="Basic.Method_Dependencies"/>
  <testcase name="loginEmail" time="0.009" classname="Basic.Method_Dependencies"/>
</testsuite> <!-- Basic.Method_Dependencies -->
