<?xml version="1.0" encoding="UTF-8"?>
<!-- Generated by org.testng.reporters.JUnitReportReporter -->
<testsuite hostname="BLR1-LTBPKSX52" name="Basic.Mercury_Homepage" tests="1" failures="0" timestamp="8 May 2019 13:20:08 GMT" time="27.792" errors="0">
  <testcase name="b" time="27.792" classname="Basic.Mercury_Homepage"/>
</testsuite> <!-- Basic.Mercury_Homepage -->
