<?xml version="1.0" encoding="UTF-8"?>
<!-- Generated by org.testng.reporters.JUnitReportReporter -->
<testsuite hostname="BLR1-LTBPKSX52" name="Login_Dataprovider.Login_Application_Dataprovider" tests="4" failures="0" timestamp="9 May 2019 12:34:06 GMT" time="102.644" errors="0">
  <testcase name="Login_App_Dataprovider" time="26.610" classname="Login_Dataprovider.Login_Application_Dataprovider"/>
  <testcase name="Login_App_Dataprovider" time="25.713" classname="Login_Dataprovider.Login_Application_Dataprovider"/>
  <testcase name="Login_App_Dataprovider" time="24.018" classname="Login_Dataprovider.Login_Application_Dataprovider"/>
  <testcase name="Login_App_Dataprovider" time="26.303" classname="Login_Dataprovider.Login_Application_Dataprovider"/>
</testsuite> <!-- Login_Dataprovider.Login_Application_Dataprovider -->
