<?xml version="1.0" encoding="UTF-8"?>
<!-- Generated by org.testng.reporters.JUnitReportReporter -->
<testsuite hostname="BLR1-LTBPKSX52" name="Basic.Suite_Verfication_1" tests="1" failures="0" timestamp="2 Aug 2019 20:05:12 GMT" time="0.000" errors="0">
  <testcase name="f" time="0.000" classname="Basic.Suite_Verfication_1"/>
</testsuite> <!-- Basic.Suite_Verfication_1 -->
