<?xml version="1.0" encoding="UTF-8"?>
<!-- Generated by org.testng.reporters.JUnitReportReporter -->
<testsuite hostname="BLR1-LTBPKSX52" name="Basic.ArithmeticOperation" tests="1" failures="0" timestamp="18 Aug 2020 06:35:09 GMT" time="0.016" errors="0">
  <testcase name="multiply" time="0.016" classname="Basic.ArithmeticOperation"/>
</testsuite> <!-- Basic.ArithmeticOperation -->
